<?xml version="1.0" encoding="UTF-8"?>
<!-- Generated by org.testng.reporters.JUnitReportReporter -->
<testsuite hostname="DESKTOP-NKM0A9P" failures="0" tests="1" name="testcases.T02_loginpageValidation" time="7.764" errors="0" timestamp="2020-11-09T14:29:11 EST" skipped="0">
  <testcase classname="testcases.T02_loginpageValidation" name="logpagevalidation" time="7.764"/>
  <system-out/>
</testsuite> <!-- testcases.T02_loginpageValidation -->
