<?xml version="1.0" encoding="UTF-8"?>
<!-- Generated by org.testng.reporters.JUnitReportReporter -->
<testsuite hostname="DESKTOP-NKM0A9P" failures="0" tests="1" name="testcases.NewTest" time="0.009" errors="0" timestamp="2020-11-07T13:25:48 EST" skipped="0">
  <testcase classname="testcases.NewTest" name="f" time="0.009"/>
  <system-out/>
</testsuite> <!-- testcases.NewTest -->
