<?xml version="1.0" encoding="UTF-8"?>
<!-- Generated by org.testng.reporters.JUnitReportReporter -->
<testsuite hostname="DESKTOP-NKM0A9P" failures="0" tests="1" name="testcases.T01_homepageValidation" time="6.649" errors="0" timestamp="2020-11-09T14:29:11 EST" skipped="0">
  <testcase classname="testcases.T01_homepageValidation" name="homepageValidation" time="6.649"/>
  <system-out/>
</testsuite> <!-- testcases.T01_homepageValidation -->
